<?xml version="1.0" encoding="UTF-8"?>
<!-- Generated by org.testng.reporters.JUnitReportReporter -->
<testsuite hostname="DESKTOP-E7BQ14H" failures="0" tests="1" name="DemoTestNG.XpathFunctions" time="5.634" errors="0" timestamp="2025-03-18T17:40:24 EET" skipped="0">
  <testcase classname="DemoTestNG.XpathFunctions" name="testAncestors" time="5.634"/>
</testsuite> <!-- DemoTestNG.XpathFunctions -->
