<?xml version="1.0" encoding="UTF-8"?>
<!-- Generated by org.testng.reporters.JUnitReportReporter -->
<testsuite hostname="DESKTOP-E7BQ14H" failures="0" tests="3" name="DemoTestNG.CrossBrowser" time="7.501" errors="0" timestamp="2025-03-24T15:20:49 EET" skipped="0">
  <testcase classname="DemoTestNG.CrossBrowser" name="testParameterWithXML" time="1.952"/>
  <testcase classname="DemoTestNG.CrossBrowser" name="testParameterWithXML" time="2.126"/>
  <testcase classname="DemoTestNG.CrossBrowser" name="testParameterWithXML" time="3.423"/>
</testsuite> <!-- DemoTestNG.CrossBrowser -->
