<?xml version="1.0" encoding="UTF-8"?>
<!-- Generated by org.testng.reporters.JUnitReportReporter -->
<testsuite hostname="DESKTOP-E7BQ14H" failures="0" tests="1" name="DemoTestNG.RobotClass" time="6.118" errors="0" timestamp="2025-03-23T17:34:03 EET" skipped="0">
  <testcase classname="DemoTestNG.RobotClass" name="test1" time="6.118"/>
</testsuite> <!-- DemoTestNG.RobotClass -->
