<?xml version="1.0" encoding="UTF-8"?>
<!-- Generated by org.testng.reporters.JUnitReportReporter -->
<testsuite hostname="DESKTOP-E7BQ14H" failures="0" tests="1" name="DemoTestNG.ActionsClass" time="5.726" errors="0" timestamp="2025-03-21T22:19:49 EET" skipped="0">
  <testcase classname="DemoTestNG.ActionsClass" name="testDragAndDrop" time="5.726"/>
</testsuite> <!-- DemoTestNG.ActionsClass -->
