<?xml version="1.0" encoding="UTF-8"?>
<!-- Generated by org.testng.reporters.JUnitReportReporter -->
<testsuite hostname="DESKTOP-E7BQ14H" failures="0" tests="1" name="DemoTestNG.WindowHandleClass" time="10.306" errors="0" timestamp="2025-03-23T21:15:26 EET" skipped="0">
  <testcase classname="DemoTestNG.WindowHandleClass" name="testSwitchTo" time="10.306"/>
</testsuite> <!-- DemoTestNG.WindowHandleClass -->
