<?xml version="1.0" encoding="UTF-8"?>
<!-- Generated by org.testng.reporters.JUnitReportReporter -->
<testsuite hostname="DESKTOP-E7BQ14H" failures="0" tests="1" name="DemoTestNG.XpathFunctions" time="4.347" errors="0" timestamp="2025-03-14T21:44:11 EET" skipped="0">
  <testcase classname="DemoTestNG.XpathFunctions" name="testLogicalOperators" time="4.347"/>
</testsuite> <!-- DemoTestNG.XpathFunctions -->
