<?xml version="1.0" encoding="UTF-8"?>
<!-- Generated by org.testng.reporters.JUnitReportReporter -->
<testsuite hostname="DESKTOP-E7BQ14H" failures="0" tests="1" name="DemoTestNG.Alerts_tests" time="6.413" errors="0" timestamp="2025-03-19T22:02:38 EET" skipped="0">
  <testcase classname="DemoTestNG.Alerts_tests" name="testNormalMessageBox" time="6.413"/>
</testsuite> <!-- DemoTestNG.Alerts_tests -->
