<?xml version="1.0" encoding="UTF-8"?>
<!-- Generated by org.testng.reporters.JUnitReportReporter -->
<testsuite hostname="DESKTOP-E7BQ14H" failures="0" tests="5" name="DemoTestNG.Alerts_tests" time="39.203" errors="0" timestamp="2025-03-20T17:33:27 EET" skipped="0">
  <testcase classname="DemoTestNG.Alerts_tests" name="testConfirmBox" time="6.406"/>
  <testcase classname="DemoTestNG.Alerts_tests" name="testPromptBox" time="6.652"/>
  <testcase classname="DemoTestNG.Alerts_tests" name="testNormalMessageBox" time="8.956"/>
  <testcase classname="DemoTestNG.Alerts_tests" name="testAutoClose" time="11.379"/>
  <testcase classname="DemoTestNG.Alerts_tests" name="testDefaultAlert" time="5.810"/>
</testsuite> <!-- DemoTestNG.Alerts_tests -->
